20-Dec-2020 14:38:54.860 INFO [main] org.apache.catalina.startup.VersionLoggerListener.log Server version name:   Apache Tomcat/9.0.41
20-Dec-2020 14:38:54.869 INFO [main] org.apache.catalina.startup.VersionLoggerListener.log Server built:          Dec 3 2020 11:43:00 UTC
20-Dec-2020 14:38:54.869 INFO [main] org.apache.catalina.startup.VersionLoggerListener.log Server version number: 9.0.41.0
20-Dec-2020 14:38:54.869 INFO [main] org.apache.catalina.startup.VersionLoggerListener.log OS Name:               Linux
20-Dec-2020 14:38:54.869 INFO [main] org.apache.catalina.startup.VersionLoggerListener.log Версия ОС:             3.10.0-1160.el7.x86_64
20-Dec-2020 14:38:54.869 INFO [main] org.apache.catalina.startup.VersionLoggerListener.log Архитектура:           amd64
20-Dec-2020 14:38:54.869 INFO [main] org.apache.catalina.startup.VersionLoggerListener.log Java Home:             /usr/lib/jvm/java-1.8.0-openjdk-1.8.0.275.b01-0.el7_9.x86_64/jre
20-Dec-2020 14:38:54.870 INFO [main] org.apache.catalina.startup.VersionLoggerListener.log Версия JVM:            1.8.0_275-b01
20-Dec-2020 14:38:54.870 INFO [main] org.apache.catalina.startup.VersionLoggerListener.log JVM Vendor:            Red Hat, Inc.
20-Dec-2020 14:38:54.870 INFO [main] org.apache.catalina.startup.VersionLoggerListener.log CATALINA_BASE:         /opt/tomcat/apache-tomcat-9.0.41
20-Dec-2020 14:38:54.870 INFO [main] org.apache.catalina.startup.VersionLoggerListener.log CATALINA_HOME:         /opt/tomcat/apache-tomcat-9.0.41
20-Dec-2020 14:38:54.878 INFO [main] org.apache.catalina.startup.VersionLoggerListener.log Command line argument: -Djava.util.logging.config.file=/opt/tomcat/apache-tomcat-9.0.41/conf/logging.properties
20-Dec-2020 14:38:54.878 INFO [main] org.apache.catalina.startup.VersionLoggerListener.log Command line argument: -Djava.util.logging.manager=org.apache.juli.ClassLoaderLogManager
20-Dec-2020 14:38:54.878 INFO [main] org.apache.catalina.startup.VersionLoggerListener.log Command line argument: -Djdk.tls.ephemeralDHKeySize=2048
20-Dec-2020 14:38:54.878 INFO [main] org.apache.catalina.startup.VersionLoggerListener.log Command line argument: -Djava.protocol.handler.pkgs=org.apache.catalina.webresources
20-Dec-2020 14:38:54.878 INFO [main] org.apache.catalina.startup.VersionLoggerListener.log Command line argument: -Dorg.apache.catalina.security.SecurityListener.UMASK=0027
20-Dec-2020 14:38:54.879 INFO [main] org.apache.catalina.startup.VersionLoggerListener.log Command line argument: -Dignore.endorsed.dirs=
20-Dec-2020 14:38:54.879 INFO [main] org.apache.catalina.startup.VersionLoggerListener.log Command line argument: -Dcatalina.base=/opt/tomcat/apache-tomcat-9.0.41
20-Dec-2020 14:38:54.879 INFO [main] org.apache.catalina.startup.VersionLoggerListener.log Command line argument: -Dcatalina.home=/opt/tomcat/apache-tomcat-9.0.41
20-Dec-2020 14:38:54.879 INFO [main] org.apache.catalina.startup.VersionLoggerListener.log Command line argument: -Djava.io.tmpdir=/opt/tomcat/apache-tomcat-9.0.41/temp
20-Dec-2020 14:38:54.881 INFO [main] org.apache.catalina.core.AprLifecycleListener.lifecycleEvent The Apache Tomcat Native library which allows using OpenSSL was not found on the java.library.path: [/usr/java/packages/lib/amd64:/usr/lib64:/lib64:/lib:/usr/lib]
20-Dec-2020 14:38:55.260 INFO [main] org.apache.coyote.AbstractProtocol.init Initializing ProtocolHandler ["http-nio-8080"]
20-Dec-2020 14:38:55.301 INFO [main] org.apache.catalina.startup.Catalina.load Server initialization in [697] milliseconds
20-Dec-2020 14:38:55.342 INFO [main] org.apache.catalina.core.StandardService.startInternal Starting service [Catalina]
20-Dec-2020 14:38:55.342 INFO [main] org.apache.catalina.core.StandardEngine.startInternal Starting Servlet engine: [Apache Tomcat/9.0.41]
20-Dec-2020 14:38:55.352 INFO [main] org.apache.catalina.startup.HostConfig.deployDirectory Установка веб приложения в папку [/opt/tomcat/apache-tomcat-9.0.41/webapps/ROOT]
20-Dec-2020 14:38:55.615 INFO [main] org.apache.catalina.startup.HostConfig.deployDirectory Deployment of web application directory [/opt/tomcat/apache-tomcat-9.0.41/webapps/ROOT] has finished in [261] ms
20-Dec-2020 14:38:55.615 INFO [main] org.apache.catalina.startup.HostConfig.deployDirectory Установка веб приложения в папку [/opt/tomcat/apache-tomcat-9.0.41/webapps/docs]
20-Dec-2020 14:38:55.630 INFO [main] org.apache.catalina.startup.HostConfig.deployDirectory Deployment of web application directory [/opt/tomcat/apache-tomcat-9.0.41/webapps/docs] has finished in [15] ms
20-Dec-2020 14:38:55.630 INFO [main] org.apache.catalina.startup.HostConfig.deployDirectory Установка веб приложения в папку [/opt/tomcat/apache-tomcat-9.0.41/webapps/examples]
20-Dec-2020 14:38:55.903 INFO [main] org.apache.catalina.startup.HostConfig.deployDirectory Deployment of web application directory [/opt/tomcat/apache-tomcat-9.0.41/webapps/examples] has finished in [272] ms
20-Dec-2020 14:38:55.903 INFO [main] org.apache.catalina.startup.HostConfig.deployDirectory Установка веб приложения в папку [/opt/tomcat/apache-tomcat-9.0.41/webapps/host-manager]
20-Dec-2020 14:38:55.927 INFO [main] org.apache.catalina.startup.HostConfig.deployDirectory Deployment of web application directory [/opt/tomcat/apache-tomcat-9.0.41/webapps/host-manager] has finished in [23] ms
20-Dec-2020 14:38:55.927 INFO [main] org.apache.catalina.startup.HostConfig.deployDirectory Установка веб приложения в папку [/opt/tomcat/apache-tomcat-9.0.41/webapps/manager]
20-Dec-2020 14:38:55.945 INFO [main] org.apache.catalina.startup.HostConfig.deployDirectory Deployment of web application directory [/opt/tomcat/apache-tomcat-9.0.41/webapps/manager] has finished in [17] ms
20-Dec-2020 14:38:55.948 INFO [main] org.apache.coyote.AbstractProtocol.start Starting ProtocolHandler ["http-nio-8080"]
20-Dec-2020 14:38:55.958 INFO [main] org.apache.catalina.startup.Catalina.start Server startup in [656] milliseconds
20-Dec-2020 14:40:44.330 INFO [main] org.apache.catalina.core.StandardServer.await A valid shutdown command was received via the shutdown port. Stopping the Server instance.
20-Dec-2020 14:40:44.330 INFO [main] org.apache.coyote.AbstractProtocol.pause Pausing ProtocolHandler ["http-nio-8080"]
20-Dec-2020 14:40:44.339 INFO [main] org.apache.catalina.core.StandardService.stopInternal Stopping service [Catalina]
20-Dec-2020 14:40:44.379 INFO [main] org.apache.coyote.AbstractProtocol.stop Stopping ProtocolHandler ["http-nio-8080"]
20-Dec-2020 14:40:44.387 INFO [1] org.apache.coyote.AbstractProtocol.destroy Destroying ProtocolHandler ["http-nio-8080"]
20-Dec-2020 14:45:10.814 INFO [main] org.apache.catalina.startup.VersionLoggerListener.log Server version name:   Apache Tomcat/9.0.41
20-Dec-2020 14:45:10.817 INFO [main] org.apache.catalina.startup.VersionLoggerListener.log Server built:          Dec 3 2020 11:43:00 UTC
20-Dec-2020 14:45:10.817 INFO [main] org.apache.catalina.startup.VersionLoggerListener.log Server version number: 9.0.41.0
20-Dec-2020 14:45:10.817 INFO [main] org.apache.catalina.startup.VersionLoggerListener.log OS Name:               Linux
20-Dec-2020 14:45:10.817 INFO [main] org.apache.catalina.startup.VersionLoggerListener.log Версия ОС:             3.10.0-1160.el7.x86_64
20-Dec-2020 14:45:10.817 INFO [main] org.apache.catalina.startup.VersionLoggerListener.log Архитектура:           amd64
20-Dec-2020 14:45:10.817 INFO [main] org.apache.catalina.startup.VersionLoggerListener.log Java Home:             /usr/lib/jvm/java-1.8.0-openjdk-1.8.0.275.b01-0.el7_9.x86_64/jre
20-Dec-2020 14:45:10.817 INFO [main] org.apache.catalina.startup.VersionLoggerListener.log Версия JVM:            1.8.0_275-b01
20-Dec-2020 14:45:10.818 INFO [main] org.apache.catalina.startup.VersionLoggerListener.log JVM Vendor:            Red Hat, Inc.
20-Dec-2020 14:45:10.818 INFO [main] org.apache.catalina.startup.VersionLoggerListener.log CATALINA_BASE:         /opt/tomcat/apache-tomcat-9.0.41
20-Dec-2020 14:45:10.818 INFO [main] org.apache.catalina.startup.VersionLoggerListener.log CATALINA_HOME:         /opt/tomcat/apache-tomcat-9.0.41
20-Dec-2020 14:45:10.821 INFO [main] org.apache.catalina.startup.VersionLoggerListener.log Command line argument: -Djava.util.logging.config.file=/opt/tomcat/apache-tomcat-9.0.41/conf/logging.properties
20-Dec-2020 14:45:10.821 INFO [main] org.apache.catalina.startup.VersionLoggerListener.log Command line argument: -Djava.util.logging.manager=org.apache.juli.ClassLoaderLogManager
20-Dec-2020 14:45:10.821 INFO [main] org.apache.catalina.startup.VersionLoggerListener.log Command line argument: -Djdk.tls.ephemeralDHKeySize=2048
20-Dec-2020 14:45:10.821 INFO [main] org.apache.catalina.startup.VersionLoggerListener.log Command line argument: -Djava.protocol.handler.pkgs=org.apache.catalina.webresources
20-Dec-2020 14:45:10.821 INFO [main] org.apache.catalina.startup.VersionLoggerListener.log Command line argument: -Dorg.apache.catalina.security.SecurityListener.UMASK=0027
20-Dec-2020 14:45:10.821 INFO [main] org.apache.catalina.startup.VersionLoggerListener.log Command line argument: -Dignore.endorsed.dirs=
20-Dec-2020 14:45:10.821 INFO [main] org.apache.catalina.startup.VersionLoggerListener.log Command line argument: -Dcatalina.base=/opt/tomcat/apache-tomcat-9.0.41
20-Dec-2020 14:45:10.821 INFO [main] org.apache.catalina.startup.VersionLoggerListener.log Command line argument: -Dcatalina.home=/opt/tomcat/apache-tomcat-9.0.41
20-Dec-2020 14:45:10.821 INFO [main] org.apache.catalina.startup.VersionLoggerListener.log Command line argument: -Djava.io.tmpdir=/opt/tomcat/apache-tomcat-9.0.41/temp
20-Dec-2020 14:45:10.823 INFO [main] org.apache.catalina.core.AprLifecycleListener.lifecycleEvent The Apache Tomcat Native library which allows using OpenSSL was not found on the java.library.path: [/usr/java/packages/lib/amd64:/usr/lib64:/lib64:/lib:/usr/lib]
20-Dec-2020 14:45:11.214 INFO [main] org.apache.coyote.AbstractProtocol.init Initializing ProtocolHandler ["http-nio-8080"]
20-Dec-2020 14:45:11.261 INFO [main] org.apache.catalina.startup.Catalina.load Server initialization in [674] milliseconds
20-Dec-2020 14:45:11.305 INFO [main] org.apache.catalina.core.StandardService.startInternal Starting service [Catalina]
20-Dec-2020 14:45:11.305 INFO [main] org.apache.catalina.core.StandardEngine.startInternal Starting Servlet engine: [Apache Tomcat/9.0.41]
20-Dec-2020 14:45:11.315 INFO [main] org.apache.catalina.startup.HostConfig.deployDirectory Установка веб приложения в папку [/opt/tomcat/apache-tomcat-9.0.41/webapps/ROOT]
20-Dec-2020 14:45:11.568 INFO [main] org.apache.catalina.startup.HostConfig.deployDirectory Deployment of web application directory [/opt/tomcat/apache-tomcat-9.0.41/webapps/ROOT] has finished in [252] ms
20-Dec-2020 14:45:11.568 INFO [main] org.apache.catalina.startup.HostConfig.deployDirectory Установка веб приложения в папку [/opt/tomcat/apache-tomcat-9.0.41/webapps/docs]
20-Dec-2020 14:45:11.588 INFO [main] org.apache.catalina.startup.HostConfig.deployDirectory Deployment of web application directory [/opt/tomcat/apache-tomcat-9.0.41/webapps/docs] has finished in [20] ms
20-Dec-2020 14:45:11.588 INFO [main] org.apache.catalina.startup.HostConfig.deployDirectory Установка веб приложения в папку [/opt/tomcat/apache-tomcat-9.0.41/webapps/examples]
20-Dec-2020 14:45:11.828 INFO [main] org.apache.catalina.startup.HostConfig.deployDirectory Deployment of web application directory [/opt/tomcat/apache-tomcat-9.0.41/webapps/examples] has finished in [239] ms
20-Dec-2020 14:45:11.828 INFO [main] org.apache.catalina.startup.HostConfig.deployDirectory Установка веб приложения в папку [/opt/tomcat/apache-tomcat-9.0.41/webapps/host-manager]
20-Dec-2020 14:45:11.855 INFO [main] org.apache.catalina.startup.HostConfig.deployDirectory Deployment of web application directory [/opt/tomcat/apache-tomcat-9.0.41/webapps/host-manager] has finished in [27] ms
20-Dec-2020 14:45:11.855 INFO [main] org.apache.catalina.startup.HostConfig.deployDirectory Установка веб приложения в папку [/opt/tomcat/apache-tomcat-9.0.41/webapps/manager]
20-Dec-2020 14:45:11.881 INFO [main] org.apache.catalina.startup.HostConfig.deployDirectory Deployment of web application directory [/opt/tomcat/apache-tomcat-9.0.41/webapps/manager] has finished in [26] ms
20-Dec-2020 14:45:11.889 INFO [main] org.apache.coyote.AbstractProtocol.start Starting ProtocolHandler ["http-nio-8080"]
20-Dec-2020 14:45:11.901 INFO [main] org.apache.catalina.startup.Catalina.start Server startup in [640] milliseconds
20-Dec-2020 14:45:29.096 WARNING [main] org.apache.catalina.core.StandardServer.await Invalid shutdown command [GET / HTTP/1.1] received
20-Dec-2020 14:45:29.098 WARNING [main] org.apache.catalina.core.StandardServer.await Invalid shutdown command [GET / HTTP/1.1] received
20-Dec-2020 14:45:29.102 WARNING [main] org.apache.catalina.core.StandardServer.await Invalid shutdown command [GET / HTTP/1.1] received
20-Dec-2020 14:45:29.103 WARNING [main] org.apache.catalina.core.StandardServer.await Invalid shutdown command [GET / HTTP/1.1] received
20-Dec-2020 14:45:29.103 WARNING [main] org.apache.catalina.core.StandardServer.await Invalid shutdown command [GET / HTTP/1.1] received
20-Dec-2020 14:45:29.104 WARNING [main] org.apache.catalina.core.StandardServer.await Invalid shutdown command [GET / HTTP/1.1] received
20-Dec-2020 14:45:29.105 WARNING [main] org.apache.catalina.core.StandardServer.await Invalid shutdown command [GET / HTTP/1.1] received
20-Dec-2020 14:45:29.105 WARNING [main] org.apache.catalina.core.StandardServer.await Invalid shutdown command [GET / HTTP/1.1] received
20-Dec-2020 14:45:29.108 WARNING [main] org.apache.catalina.core.StandardServer.await Invalid shutdown command [GET / HTTP/1.1] received
20-Dec-2020 14:45:29.120 WARNING [main] org.apache.catalina.core.StandardServer.await Invalid shutdown command [GET / HTTP/1.1] received
20-Dec-2020 14:47:22.634 WARNING [main] org.apache.catalina.core.StandardServer.await Invalid shutdown command [GET / HTTP/1.1] received
20-Dec-2020 14:47:22.636 WARNING [main] org.apache.catalina.core.StandardServer.await Invalid shutdown command [GET / HTTP/1.1] received
20-Dec-2020 14:47:22.636 WARNING [main] org.apache.catalina.core.StandardServer.await Invalid shutdown command [GET / HTTP/1.1] received
20-Dec-2020 14:47:22.637 WARNING [main] org.apache.catalina.core.StandardServer.await Invalid shutdown command [GET / HTTP/1.1] received
20-Dec-2020 14:47:22.638 WARNING [main] org.apache.catalina.core.StandardServer.await Invalid shutdown command [GET / HTTP/1.1] received
20-Dec-2020 14:47:22.639 WARNING [main] org.apache.catalina.core.StandardServer.await Invalid shutdown command [GET / HTTP/1.1] received
20-Dec-2020 14:47:22.640 WARNING [main] org.apache.catalina.core.StandardServer.await Invalid shutdown command [GET / HTTP/1.1] received
20-Dec-2020 14:47:22.641 WARNING [main] org.apache.catalina.core.StandardServer.await Invalid shutdown command [GET / HTTP/1.1] received
20-Dec-2020 14:47:22.643 WARNING [main] org.apache.catalina.core.StandardServer.await Invalid shutdown command [GET / HTTP/1.1] received
20-Dec-2020 14:47:22.645 WARNING [main] org.apache.catalina.core.StandardServer.await Invalid shutdown command [GET / HTTP/1.1] received
20-Dec-2020 14:47:31.594 INFO [main] org.apache.catalina.core.StandardServer.await A valid shutdown command was received via the shutdown port. Stopping the Server instance.
20-Dec-2020 14:47:31.595 INFO [main] org.apache.coyote.AbstractProtocol.pause Pausing ProtocolHandler ["http-nio-8080"]
20-Dec-2020 14:47:31.604 INFO [main] org.apache.catalina.core.StandardService.stopInternal Stopping service [Catalina]
20-Dec-2020 14:47:31.630 INFO [main] org.apache.coyote.AbstractProtocol.stop Stopping ProtocolHandler ["http-nio-8080"]
20-Dec-2020 14:47:31.652 INFO [main] org.apache.coyote.AbstractProtocol.destroy Destroying ProtocolHandler ["http-nio-8080"]
20-Dec-2020 14:47:36.465 INFO [main] org.apache.catalina.startup.VersionLoggerListener.log Server version name:   Apache Tomcat/9.0.41
20-Dec-2020 14:47:36.472 INFO [main] org.apache.catalina.startup.VersionLoggerListener.log Server built:          Dec 3 2020 11:43:00 UTC
20-Dec-2020 14:47:36.472 INFO [main] org.apache.catalina.startup.VersionLoggerListener.log Server version number: 9.0.41.0
20-Dec-2020 14:47:36.472 INFO [main] org.apache.catalina.startup.VersionLoggerListener.log OS Name:               Linux
20-Dec-2020 14:47:36.472 INFO [main] org.apache.catalina.startup.VersionLoggerListener.log Версия ОС:             3.10.0-1160.el7.x86_64
20-Dec-2020 14:47:36.472 INFO [main] org.apache.catalina.startup.VersionLoggerListener.log Архитектура:           amd64
20-Dec-2020 14:47:36.472 INFO [main] org.apache.catalina.startup.VersionLoggerListener.log Java Home:             /usr/lib/jvm/java-1.8.0-openjdk-1.8.0.275.b01-0.el7_9.x86_64/jre
20-Dec-2020 14:47:36.472 INFO [main] org.apache.catalina.startup.VersionLoggerListener.log Версия JVM:            1.8.0_275-b01
20-Dec-2020 14:47:36.472 INFO [main] org.apache.catalina.startup.VersionLoggerListener.log JVM Vendor:            Red Hat, Inc.
20-Dec-2020 14:47:36.472 INFO [main] org.apache.catalina.startup.VersionLoggerListener.log CATALINA_BASE:         /opt/tomcat/apache-tomcat-9.0.41
20-Dec-2020 14:47:36.473 INFO [main] org.apache.catalina.startup.VersionLoggerListener.log CATALINA_HOME:         /opt/tomcat/apache-tomcat-9.0.41
20-Dec-2020 14:47:36.473 INFO [main] org.apache.catalina.startup.VersionLoggerListener.log Command line argument: -Djava.util.logging.config.file=/opt/tomcat/apache-tomcat-9.0.41/conf/logging.properties
20-Dec-2020 14:47:36.473 INFO [main] org.apache.catalina.startup.VersionLoggerListener.log Command line argument: -Djava.util.logging.manager=org.apache.juli.ClassLoaderLogManager
20-Dec-2020 14:47:36.473 INFO [main] org.apache.catalina.startup.VersionLoggerListener.log Command line argument: -Djdk.tls.ephemeralDHKeySize=2048
20-Dec-2020 14:47:36.473 INFO [main] org.apache.catalina.startup.VersionLoggerListener.log Command line argument: -Djava.protocol.handler.pkgs=org.apache.catalina.webresources
20-Dec-2020 14:47:36.474 INFO [main] org.apache.catalina.startup.VersionLoggerListener.log Command line argument: -Dorg.apache.catalina.security.SecurityListener.UMASK=0027
20-Dec-2020 14:47:36.474 INFO [main] org.apache.catalina.startup.VersionLoggerListener.log Command line argument: -Dignore.endorsed.dirs=
20-Dec-2020 14:47:36.474 INFO [main] org.apache.catalina.startup.VersionLoggerListener.log Command line argument: -Dcatalina.base=/opt/tomcat/apache-tomcat-9.0.41
20-Dec-2020 14:47:36.474 INFO [main] org.apache.catalina.startup.VersionLoggerListener.log Command line argument: -Dcatalina.home=/opt/tomcat/apache-tomcat-9.0.41
20-Dec-2020 14:47:36.474 INFO [main] org.apache.catalina.startup.VersionLoggerListener.log Command line argument: -Djava.io.tmpdir=/opt/tomcat/apache-tomcat-9.0.41/temp
20-Dec-2020 14:47:36.475 INFO [main] org.apache.catalina.core.AprLifecycleListener.lifecycleEvent The Apache Tomcat Native library which allows using OpenSSL was not found on the java.library.path: [/usr/java/packages/lib/amd64:/usr/lib64:/lib64:/lib:/usr/lib]
20-Dec-2020 14:47:36.837 INFO [main] org.apache.coyote.AbstractProtocol.init Initializing ProtocolHandler ["http-nio-198"]
20-Dec-2020 14:47:36.863 INFO [main] org.apache.catalina.startup.Catalina.load Server initialization in [623] milliseconds
20-Dec-2020 14:47:36.903 INFO [main] org.apache.catalina.core.StandardService.startInternal Starting service [Catalina]
20-Dec-2020 14:47:36.903 INFO [main] org.apache.catalina.core.StandardEngine.startInternal Starting Servlet engine: [Apache Tomcat/9.0.41]
20-Dec-2020 14:47:36.913 INFO [main] org.apache.catalina.startup.HostConfig.deployDirectory Установка веб приложения в папку [/opt/tomcat/apache-tomcat-9.0.41/webapps/ROOT]
20-Dec-2020 14:47:37.152 INFO [main] org.apache.catalina.startup.HostConfig.deployDirectory Deployment of web application directory [/opt/tomcat/apache-tomcat-9.0.41/webapps/ROOT] has finished in [237] ms
20-Dec-2020 14:47:37.152 INFO [main] org.apache.catalina.startup.HostConfig.deployDirectory Установка веб приложения в папку [/opt/tomcat/apache-tomcat-9.0.41/webapps/docs]
20-Dec-2020 14:47:37.168 INFO [main] org.apache.catalina.startup.HostConfig.deployDirectory Deployment of web application directory [/opt/tomcat/apache-tomcat-9.0.41/webapps/docs] has finished in [16] ms
20-Dec-2020 14:47:37.168 INFO [main] org.apache.catalina.startup.HostConfig.deployDirectory Установка веб приложения в папку [/opt/tomcat/apache-tomcat-9.0.41/webapps/examples]
20-Dec-2020 14:47:37.418 INFO [main] org.apache.catalina.startup.HostConfig.deployDirectory Deployment of web application directory [/opt/tomcat/apache-tomcat-9.0.41/webapps/examples] has finished in [250] ms
20-Dec-2020 14:47:37.418 INFO [main] org.apache.catalina.startup.HostConfig.deployDirectory Установка веб приложения в папку [/opt/tomcat/apache-tomcat-9.0.41/webapps/host-manager]
20-Dec-2020 14:47:37.442 INFO [main] org.apache.catalina.startup.HostConfig.deployDirectory Deployment of web application directory [/opt/tomcat/apache-tomcat-9.0.41/webapps/host-manager] has finished in [24] ms
20-Dec-2020 14:47:37.442 INFO [main] org.apache.catalina.startup.HostConfig.deployDirectory Установка веб приложения в папку [/opt/tomcat/apache-tomcat-9.0.41/webapps/manager]
20-Dec-2020 14:47:37.466 INFO [main] org.apache.catalina.startup.HostConfig.deployDirectory Deployment of web application directory [/opt/tomcat/apache-tomcat-9.0.41/webapps/manager] has finished in [23] ms
20-Dec-2020 14:47:37.470 INFO [main] org.apache.coyote.AbstractProtocol.start Starting ProtocolHandler ["http-nio-198"]
20-Dec-2020 14:47:37.490 INFO [main] org.apache.catalina.startup.Catalina.start Server startup in [627] milliseconds
20-Dec-2020 14:47:37.510 SEVERE [main] org.apache.catalina.core.StandardServer.await Failed to create server shutdown socket on address [localhost] and port [198] (base port [198] and offset [0])
	java.net.BindException: Адрес уже используется (Bind failed)
		at java.net.PlainSocketImpl.socketBind(Native Method)
		at java.net.AbstractPlainSocketImpl.bind(AbstractPlainSocketImpl.java:387)
		at java.net.ServerSocket.bind(ServerSocket.java:390)
		at java.net.ServerSocket.<init>(ServerSocket.java:252)
		at org.apache.catalina.core.StandardServer.await(StandardServer.java:584)
		at org.apache.catalina.startup.Catalina.await(Catalina.java:864)
		at org.apache.catalina.startup.Catalina.start(Catalina.java:810)
		at sun.reflect.NativeMethodAccessorImpl.invoke0(Native Method)
		at sun.reflect.NativeMethodAccessorImpl.invoke(NativeMethodAccessorImpl.java:62)
		at sun.reflect.DelegatingMethodAccessorImpl.invoke(DelegatingMethodAccessorImpl.java:43)
		at java.lang.reflect.Method.invoke(Method.java:498)
		at org.apache.catalina.startup.Bootstrap.start(Bootstrap.java:342)
		at org.apache.catalina.startup.Bootstrap.main(Bootstrap.java:473)
20-Dec-2020 14:47:37.516 INFO [main] org.apache.coyote.AbstractProtocol.pause Pausing ProtocolHandler ["http-nio-198"]
20-Dec-2020 14:47:37.527 INFO [main] org.apache.catalina.core.StandardService.stopInternal Stopping service [Catalina]
20-Dec-2020 14:47:37.553 INFO [main] org.apache.coyote.AbstractProtocol.stop Stopping ProtocolHandler ["http-nio-198"]
20-Dec-2020 14:47:37.577 INFO [main] org.apache.coyote.AbstractProtocol.destroy Destroying ProtocolHandler ["http-nio-198"]
20-Dec-2020 14:48:43.595 INFO [main] org.apache.catalina.startup.VersionLoggerListener.log Server version name:   Apache Tomcat/9.0.41
20-Dec-2020 14:48:43.598 INFO [main] org.apache.catalina.startup.VersionLoggerListener.log Server built:          Dec 3 2020 11:43:00 UTC
20-Dec-2020 14:48:43.598 INFO [main] org.apache.catalina.startup.VersionLoggerListener.log Server version number: 9.0.41.0
20-Dec-2020 14:48:43.598 INFO [main] org.apache.catalina.startup.VersionLoggerListener.log OS Name:               Linux
20-Dec-2020 14:48:43.598 INFO [main] org.apache.catalina.startup.VersionLoggerListener.log Версия ОС:             3.10.0-1160.el7.x86_64
20-Dec-2020 14:48:43.598 INFO [main] org.apache.catalina.startup.VersionLoggerListener.log Архитектура:           amd64
20-Dec-2020 14:48:43.598 INFO [main] org.apache.catalina.startup.VersionLoggerListener.log Java Home:             /usr/lib/jvm/java-1.8.0-openjdk-1.8.0.275.b01-0.el7_9.x86_64/jre
20-Dec-2020 14:48:43.598 INFO [main] org.apache.catalina.startup.VersionLoggerListener.log Версия JVM:            1.8.0_275-b01
20-Dec-2020 14:48:43.598 INFO [main] org.apache.catalina.startup.VersionLoggerListener.log JVM Vendor:            Red Hat, Inc.
20-Dec-2020 14:48:43.598 INFO [main] org.apache.catalina.startup.VersionLoggerListener.log CATALINA_BASE:         /opt/tomcat/apache-tomcat-9.0.41
20-Dec-2020 14:48:43.598 INFO [main] org.apache.catalina.startup.VersionLoggerListener.log CATALINA_HOME:         /opt/tomcat/apache-tomcat-9.0.41
20-Dec-2020 14:48:43.600 INFO [main] org.apache.catalina.startup.VersionLoggerListener.log Command line argument: -Djava.util.logging.config.file=/opt/tomcat/apache-tomcat-9.0.41/conf/logging.properties
20-Dec-2020 14:48:43.600 INFO [main] org.apache.catalina.startup.VersionLoggerListener.log Command line argument: -Djava.util.logging.manager=org.apache.juli.ClassLoaderLogManager
20-Dec-2020 14:48:43.600 INFO [main] org.apache.catalina.startup.VersionLoggerListener.log Command line argument: -Djdk.tls.ephemeralDHKeySize=2048
20-Dec-2020 14:48:43.600 INFO [main] org.apache.catalina.startup.VersionLoggerListener.log Command line argument: -Djava.protocol.handler.pkgs=org.apache.catalina.webresources
20-Dec-2020 14:48:43.601 INFO [main] org.apache.catalina.startup.VersionLoggerListener.log Command line argument: -Dorg.apache.catalina.security.SecurityListener.UMASK=0027
20-Dec-2020 14:48:43.601 INFO [main] org.apache.catalina.startup.VersionLoggerListener.log Command line argument: -Dignore.endorsed.dirs=
20-Dec-2020 14:48:43.601 INFO [main] org.apache.catalina.startup.VersionLoggerListener.log Command line argument: -Dcatalina.base=/opt/tomcat/apache-tomcat-9.0.41
20-Dec-2020 14:48:43.601 INFO [main] org.apache.catalina.startup.VersionLoggerListener.log Command line argument: -Dcatalina.home=/opt/tomcat/apache-tomcat-9.0.41
20-Dec-2020 14:48:43.601 INFO [main] org.apache.catalina.startup.VersionLoggerListener.log Command line argument: -Djava.io.tmpdir=/opt/tomcat/apache-tomcat-9.0.41/temp
20-Dec-2020 14:48:43.602 INFO [main] org.apache.catalina.core.AprLifecycleListener.lifecycleEvent The Apache Tomcat Native library which allows using OpenSSL was not found on the java.library.path: [/usr/java/packages/lib/amd64:/usr/lib64:/lib64:/lib:/usr/lib]
20-Dec-2020 14:48:43.973 INFO [main] org.apache.coyote.AbstractProtocol.init Initializing ProtocolHandler ["http-nio-8080"]
20-Dec-2020 14:48:44.013 INFO [main] org.apache.catalina.startup.Catalina.load Server initialization in [630] milliseconds
20-Dec-2020 14:48:44.046 INFO [main] org.apache.catalina.core.StandardService.startInternal Starting service [Catalina]
20-Dec-2020 14:48:44.046 INFO [main] org.apache.catalina.core.StandardEngine.startInternal Starting Servlet engine: [Apache Tomcat/9.0.41]
20-Dec-2020 14:48:44.055 INFO [main] org.apache.catalina.startup.HostConfig.deployDirectory Установка веб приложения в папку [/opt/tomcat/apache-tomcat-9.0.41/webapps/ROOT]
20-Dec-2020 14:48:44.324 INFO [main] org.apache.catalina.startup.HostConfig.deployDirectory Deployment of web application directory [/opt/tomcat/apache-tomcat-9.0.41/webapps/ROOT] has finished in [269] ms
20-Dec-2020 14:48:44.324 INFO [main] org.apache.catalina.startup.HostConfig.deployDirectory Установка веб приложения в папку [/opt/tomcat/apache-tomcat-9.0.41/webapps/docs]
20-Dec-2020 14:48:44.340 INFO [main] org.apache.catalina.startup.HostConfig.deployDirectory Deployment of web application directory [/opt/tomcat/apache-tomcat-9.0.41/webapps/docs] has finished in [16] ms
20-Dec-2020 14:48:44.341 INFO [main] org.apache.catalina.startup.HostConfig.deployDirectory Установка веб приложения в папку [/opt/tomcat/apache-tomcat-9.0.41/webapps/examples]
20-Dec-2020 14:48:44.607 INFO [main] org.apache.catalina.startup.HostConfig.deployDirectory Deployment of web application directory [/opt/tomcat/apache-tomcat-9.0.41/webapps/examples] has finished in [266] ms
20-Dec-2020 14:48:44.607 INFO [main] org.apache.catalina.startup.HostConfig.deployDirectory Установка веб приложения в папку [/opt/tomcat/apache-tomcat-9.0.41/webapps/host-manager]
20-Dec-2020 14:48:44.631 INFO [main] org.apache.catalina.startup.HostConfig.deployDirectory Deployment of web application directory [/opt/tomcat/apache-tomcat-9.0.41/webapps/host-manager] has finished in [24] ms
20-Dec-2020 14:48:44.631 INFO [main] org.apache.catalina.startup.HostConfig.deployDirectory Установка веб приложения в папку [/opt/tomcat/apache-tomcat-9.0.41/webapps/manager]
20-Dec-2020 14:48:44.651 INFO [main] org.apache.catalina.startup.HostConfig.deployDirectory Deployment of web application directory [/opt/tomcat/apache-tomcat-9.0.41/webapps/manager] has finished in [19] ms
20-Dec-2020 14:48:44.657 INFO [main] org.apache.coyote.AbstractProtocol.start Starting ProtocolHandler ["http-nio-8080"]
20-Dec-2020 14:48:44.671 INFO [main] org.apache.catalina.startup.Catalina.start Server startup in [657] milliseconds
20-Dec-2020 14:48:55.830 INFO [main] org.apache.catalina.core.StandardServer.await A valid shutdown command was received via the shutdown port. Stopping the Server instance.
20-Dec-2020 14:48:55.830 INFO [main] org.apache.coyote.AbstractProtocol.pause Pausing ProtocolHandler ["http-nio-8080"]
20-Dec-2020 14:48:55.839 INFO [main] org.apache.catalina.core.StandardService.stopInternal Stopping service [Catalina]
20-Dec-2020 14:48:55.931 INFO [main] org.apache.coyote.AbstractProtocol.stop Stopping ProtocolHandler ["http-nio-8080"]
20-Dec-2020 14:48:55.950 INFO [main] org.apache.coyote.AbstractProtocol.destroy Destroying ProtocolHandler ["http-nio-8080"]
20-Dec-2020 14:51:17.810 INFO [main] org.apache.catalina.startup.VersionLoggerListener.log Server version name:   Apache Tomcat/9.0.41
20-Dec-2020 14:51:17.812 INFO [main] org.apache.catalina.startup.VersionLoggerListener.log Server built:          Dec 3 2020 11:43:00 UTC
20-Dec-2020 14:51:17.813 INFO [main] org.apache.catalina.startup.VersionLoggerListener.log Server version number: 9.0.41.0
20-Dec-2020 14:51:17.813 INFO [main] org.apache.catalina.startup.VersionLoggerListener.log OS Name:               Linux
20-Dec-2020 14:51:17.813 INFO [main] org.apache.catalina.startup.VersionLoggerListener.log Версия ОС:             3.10.0-1160.el7.x86_64
20-Dec-2020 14:51:17.813 INFO [main] org.apache.catalina.startup.VersionLoggerListener.log Архитектура:           amd64
20-Dec-2020 14:51:17.813 INFO [main] org.apache.catalina.startup.VersionLoggerListener.log Java Home:             /usr/lib/jvm/java-1.8.0-openjdk-1.8.0.275.b01-0.el7_9.x86_64/jre
20-Dec-2020 14:51:17.813 INFO [main] org.apache.catalina.startup.VersionLoggerListener.log Версия JVM:            1.8.0_275-b01
20-Dec-2020 14:51:17.813 INFO [main] org.apache.catalina.startup.VersionLoggerListener.log JVM Vendor:            Red Hat, Inc.
20-Dec-2020 14:51:17.813 INFO [main] org.apache.catalina.startup.VersionLoggerListener.log CATALINA_BASE:         /opt/tomcat/apache-tomcat-9.0.41
20-Dec-2020 14:51:17.813 INFO [main] org.apache.catalina.startup.VersionLoggerListener.log CATALINA_HOME:         /opt/tomcat/apache-tomcat-9.0.41
20-Dec-2020 14:51:17.815 INFO [main] org.apache.catalina.startup.VersionLoggerListener.log Command line argument: -Djava.util.logging.config.file=/opt/tomcat/apache-tomcat-9.0.41/conf/logging.properties
20-Dec-2020 14:51:17.815 INFO [main] org.apache.catalina.startup.VersionLoggerListener.log Command line argument: -Djava.util.logging.manager=org.apache.juli.ClassLoaderLogManager
20-Dec-2020 14:51:17.815 INFO [main] org.apache.catalina.startup.VersionLoggerListener.log Command line argument: -Djdk.tls.ephemeralDHKeySize=2048
20-Dec-2020 14:51:17.815 INFO [main] org.apache.catalina.startup.VersionLoggerListener.log Command line argument: -Djava.protocol.handler.pkgs=org.apache.catalina.webresources
20-Dec-2020 14:51:17.815 INFO [main] org.apache.catalina.startup.VersionLoggerListener.log Command line argument: -Dorg.apache.catalina.security.SecurityListener.UMASK=0027
20-Dec-2020 14:51:17.815 INFO [main] org.apache.catalina.startup.VersionLoggerListener.log Command line argument: -Dignore.endorsed.dirs=
20-Dec-2020 14:51:17.816 INFO [main] org.apache.catalina.startup.VersionLoggerListener.log Command line argument: -Dcatalina.base=/opt/tomcat/apache-tomcat-9.0.41
20-Dec-2020 14:51:17.816 INFO [main] org.apache.catalina.startup.VersionLoggerListener.log Command line argument: -Dcatalina.home=/opt/tomcat/apache-tomcat-9.0.41
20-Dec-2020 14:51:17.816 INFO [main] org.apache.catalina.startup.VersionLoggerListener.log Command line argument: -Djava.io.tmpdir=/opt/tomcat/apache-tomcat-9.0.41/temp
20-Dec-2020 14:51:17.818 INFO [main] org.apache.catalina.core.AprLifecycleListener.lifecycleEvent The Apache Tomcat Native library which allows using OpenSSL was not found on the java.library.path: [/usr/java/packages/lib/amd64:/usr/lib64:/lib64:/lib:/usr/lib]
20-Dec-2020 14:51:18.140 INFO [main] org.apache.coyote.AbstractProtocol.init Initializing ProtocolHandler ["http-nio-198"]
20-Dec-2020 14:51:18.176 INFO [main] org.apache.catalina.startup.Catalina.load Server initialization in [563] milliseconds
20-Dec-2020 14:51:18.201 INFO [main] org.apache.catalina.core.StandardService.startInternal Starting service [Catalina]
20-Dec-2020 14:51:18.201 INFO [main] org.apache.catalina.core.StandardEngine.startInternal Starting Servlet engine: [Apache Tomcat/9.0.41]
20-Dec-2020 14:51:18.210 INFO [main] org.apache.catalina.startup.HostConfig.deployDirectory Установка веб приложения в папку [/opt/tomcat/apache-tomcat-9.0.41/webapps/ROOT]
20-Dec-2020 14:51:18.500 INFO [main] org.apache.catalina.startup.HostConfig.deployDirectory Deployment of web application directory [/opt/tomcat/apache-tomcat-9.0.41/webapps/ROOT] has finished in [288] ms
20-Dec-2020 14:51:18.500 INFO [main] org.apache.catalina.startup.HostConfig.deployDirectory Установка веб приложения в папку [/opt/tomcat/apache-tomcat-9.0.41/webapps/docs]
20-Dec-2020 14:51:18.516 INFO [main] org.apache.catalina.startup.HostConfig.deployDirectory Deployment of web application directory [/opt/tomcat/apache-tomcat-9.0.41/webapps/docs] has finished in [15] ms
20-Dec-2020 14:51:18.516 INFO [main] org.apache.catalina.startup.HostConfig.deployDirectory Установка веб приложения в папку [/opt/tomcat/apache-tomcat-9.0.41/webapps/examples]
20-Dec-2020 14:51:18.838 INFO [main] org.apache.catalina.startup.HostConfig.deployDirectory Deployment of web application directory [/opt/tomcat/apache-tomcat-9.0.41/webapps/examples] has finished in [322] ms
20-Dec-2020 14:51:18.838 INFO [main] org.apache.catalina.startup.HostConfig.deployDirectory Установка веб приложения в папку [/opt/tomcat/apache-tomcat-9.0.41/webapps/host-manager]
20-Dec-2020 14:51:18.867 INFO [main] org.apache.catalina.startup.HostConfig.deployDirectory Deployment of web application directory [/opt/tomcat/apache-tomcat-9.0.41/webapps/host-manager] has finished in [29] ms
20-Dec-2020 14:51:18.867 INFO [main] org.apache.catalina.startup.HostConfig.deployDirectory Установка веб приложения в папку [/opt/tomcat/apache-tomcat-9.0.41/webapps/manager]
20-Dec-2020 14:51:18.887 INFO [main] org.apache.catalina.startup.HostConfig.deployDirectory Deployment of web application directory [/opt/tomcat/apache-tomcat-9.0.41/webapps/manager] has finished in [20] ms
20-Dec-2020 14:51:18.892 INFO [main] org.apache.coyote.AbstractProtocol.start Starting ProtocolHandler ["http-nio-198"]
20-Dec-2020 14:51:18.903 INFO [main] org.apache.catalina.startup.Catalina.start Server startup in [726] milliseconds
20-Dec-2020 14:51:23.407 WARNING [main] org.apache.catalina.core.StandardServer.await Invalid shutdown command [GET / HTTP/1.1] received
20-Dec-2020 14:51:23.408 WARNING [main] org.apache.catalina.core.StandardServer.await Invalid shutdown command [GET / HTTP/1.1] received
20-Dec-2020 14:51:23.409 WARNING [main] org.apache.catalina.core.StandardServer.await Invalid shutdown command [GET / HTTP/1.1] received
20-Dec-2020 14:51:23.409 WARNING [main] org.apache.catalina.core.StandardServer.await Invalid shutdown command [GET / HTTP/1.1] received
20-Dec-2020 14:51:23.410 WARNING [main] org.apache.catalina.core.StandardServer.await Invalid shutdown command [GET / HTTP/1.1] received
20-Dec-2020 14:51:23.411 WARNING [main] org.apache.catalina.core.StandardServer.await Invalid shutdown command [GET / HTTP/1.1] received
20-Dec-2020 14:51:23.411 WARNING [main] org.apache.catalina.core.StandardServer.await Invalid shutdown command [GET / HTTP/1.1] received
20-Dec-2020 14:51:23.412 WARNING [main] org.apache.catalina.core.StandardServer.await Invalid shutdown command [GET / HTTP/1.1] received
20-Dec-2020 14:51:23.413 WARNING [main] org.apache.catalina.core.StandardServer.await Invalid shutdown command [GET / HTTP/1.1] received
20-Dec-2020 14:51:23.415 WARNING [main] org.apache.catalina.core.StandardServer.await Invalid shutdown command [GET / HTTP/1.1] received
20-Dec-2020 15:02:39.734 INFO [main] org.apache.catalina.core.StandardServer.await A valid shutdown command was received via the shutdown port. Stopping the Server instance.
20-Dec-2020 15:02:39.735 INFO [main] org.apache.coyote.AbstractProtocol.pause Pausing ProtocolHandler ["http-nio-198"]
20-Dec-2020 15:02:39.743 INFO [main] org.apache.catalina.core.StandardService.stopInternal Stopping service [Catalina]
20-Dec-2020 15:02:39.772 INFO [main] org.apache.coyote.AbstractProtocol.stop Stopping ProtocolHandler ["http-nio-198"]
20-Dec-2020 15:02:39.792 INFO [main] org.apache.coyote.AbstractProtocol.destroy Destroying ProtocolHandler ["http-nio-198"]
