20-Dec-2020 14:38:55.884 INFO [main] org.apache.catalina.core.ApplicationContext.log ContextListener: contextInitialized()
20-Dec-2020 14:38:55.884 INFO [main] org.apache.catalina.core.ApplicationContext.log SessionListener: contextInitialized()
20-Dec-2020 14:38:55.885 INFO [main] org.apache.catalina.core.ApplicationContext.log ContextListener: attributeAdded('StockTicker', 'async.Stockticker@7b02881e')
20-Dec-2020 14:40:44.364 INFO [main] org.apache.catalina.core.ApplicationContext.log SessionListener: contextDestroyed()
20-Dec-2020 14:40:44.364 INFO [main] org.apache.catalina.core.ApplicationContext.log ContextListener: contextDestroyed()
20-Dec-2020 14:45:11.818 INFO [main] org.apache.catalina.core.ApplicationContext.log ContextListener: contextInitialized()
20-Dec-2020 14:45:11.818 INFO [main] org.apache.catalina.core.ApplicationContext.log SessionListener: contextInitialized()
20-Dec-2020 14:45:11.819 INFO [main] org.apache.catalina.core.ApplicationContext.log ContextListener: attributeAdded('StockTicker', 'async.Stockticker@7b02881e')
20-Dec-2020 14:47:31.620 INFO [main] org.apache.catalina.core.ApplicationContext.log SessionListener: contextDestroyed()
20-Dec-2020 14:47:31.620 INFO [main] org.apache.catalina.core.ApplicationContext.log ContextListener: contextDestroyed()
20-Dec-2020 14:47:37.408 INFO [main] org.apache.catalina.core.ApplicationContext.log ContextListener: contextInitialized()
20-Dec-2020 14:47:37.408 INFO [main] org.apache.catalina.core.ApplicationContext.log SessionListener: contextInitialized()
20-Dec-2020 14:47:37.410 INFO [main] org.apache.catalina.core.ApplicationContext.log ContextListener: attributeAdded('StockTicker', 'async.Stockticker@7b02881e')
20-Dec-2020 14:47:37.536 INFO [main] org.apache.catalina.core.ApplicationContext.log SessionListener: contextDestroyed()
20-Dec-2020 14:47:37.536 INFO [main] org.apache.catalina.core.ApplicationContext.log ContextListener: contextDestroyed()
20-Dec-2020 14:48:44.597 INFO [main] org.apache.catalina.core.ApplicationContext.log ContextListener: contextInitialized()
20-Dec-2020 14:48:44.597 INFO [main] org.apache.catalina.core.ApplicationContext.log SessionListener: contextInitialized()
20-Dec-2020 14:48:44.598 INFO [main] org.apache.catalina.core.ApplicationContext.log ContextListener: attributeAdded('StockTicker', 'async.Stockticker@7b02881e')
20-Dec-2020 14:48:55.916 INFO [main] org.apache.catalina.core.ApplicationContext.log SessionListener: contextDestroyed()
20-Dec-2020 14:48:55.916 INFO [main] org.apache.catalina.core.ApplicationContext.log ContextListener: contextDestroyed()
20-Dec-2020 14:51:18.828 INFO [main] org.apache.catalina.core.ApplicationContext.log ContextListener: contextInitialized()
20-Dec-2020 14:51:18.828 INFO [main] org.apache.catalina.core.ApplicationContext.log SessionListener: contextInitialized()
20-Dec-2020 14:51:18.830 INFO [main] org.apache.catalina.core.ApplicationContext.log ContextListener: attributeAdded('StockTicker', 'async.Stockticker@7b02881e')
20-Dec-2020 15:02:39.758 INFO [main] org.apache.catalina.core.ApplicationContext.log SessionListener: contextDestroyed()
20-Dec-2020 15:02:39.758 INFO [main] org.apache.catalina.core.ApplicationContext.log ContextListener: contextDestroyed()
